{"recorder_version":"11","session":"4374a6be454e","build":"191.8026.42.35.5900203","bucket":"208","time":1571247467315,"group":{"id":"settings","version":"2"},"event":{"state":true,"data":{"created":1571247467315,"invoked":true},"id":"NotRoamableUiSettings"}}
{"recorder_version":"11","session":"4374a6be454e","build":"191.8026.42.35.5900203","bucket":"208","time":1571247467335,"group":{"id":"settings","version":"2"},"event":{"state":true,"data":{"created":1571247467375,"invoked":true},"id":"UISettings"}}
{"recorder_version":"11","session":"4374a6be454e","build":"191.8026.42.35.5900203","bucket":"208","time":1571247467355,"group":{"id":"system.os","version":"1"},"event":{"state":true,"data":{"created":1571247467414,"version":"10.0"},"id":"Windows"}}
{"recorder_version":"11","session":"4374a6be454e","build":"191.8026.42.35.5900203","bucket":"208","time":1571247467355,"group":{"id":"system.os","version":"1"},"event":{"state":true,"data":{"created":1571247467414},"id":"invoked"}}
{"recorder_version":"11","session":"4374a6be454e","build":"191.8026.42.35.5900203","bucket":"208","time":1571247467355,"group":{"id":"system.java","version":"1"},"event":{"state":true,"data":{"created":1571247467418,"version":"1.8"},"id":"JetBrains"}}
{"recorder_version":"11","session":"4374a6be454e","build":"191.8026.42.35.5900203","bucket":"208","time":1571247467355,"group":{"id":"system.java","version":"1"},"event":{"state":true,"data":{"created":1571247467426},"id":"invoked"}}
{"recorder_version":"11","session":"4374a6be454e","build":"191.8026.42.35.5900203","bucket":"208","time":1571247476819,"group":{"id":"settings","version":"2"},"event":{"state":true,"data":{"created":1571247476819,"invoked":true},"id":"GeneralSettings"}}
{"recorder_version":"11","session":"4374a6be454e","build":"191.8026.42.35.5900203","bucket":"208","time":1571247501962,"group":{"id":"lifecycle","version":"11"},"event":{"count":1,"data":{"eap":false,"created":1571247501962},"id":"ide.start"}}
{"recorder_version":"11","session":"4374a6be454e","build":"191.8026.42.35.5900203","bucket":"208","time":1571247502128,"group":{"id":"performance","version":"11"},"event":{"count":1,"data":{"duration_ms":26883,"created":1571247502128},"id":"ui.latency"}}
{"recorder_version":"11","session":"4374a6be454e","build":"191.8026.42.35.5900203","bucket":"208","time":1571247502128,"group":{"id":"performance","version":"11"},"event":{"count":1,"data":{"duration_ms":26883,"created":1571247502128},"id":"ui.lagging"}}
{"recorder_version":"11","session":"4374a6be454e","build":"191.8026.42.35.5900203","bucket":"208","time":1571247502128,"group":{"id":"performance","version":"11"},"event":{"count":1,"data":{"duration_ms":25867,"created":1571247502144},"id":"ui.lagging"}}
{"recorder_version":"11","session":"4374a6be454e","build":"191.8026.42.35.5900203","bucket":"208","time":1571247502128,"group":{"id":"performance","version":"11"},"event":{"count":1,"data":{"duration_ms":24856,"created":1571247502144},"id":"ui.lagging"}}
{"recorder_version":"11","session":"4374a6be454e","build":"191.8026.42.35.5900203","bucket":"208","time":1571247502144,"group":{"id":"performance","version":"11"},"event":{"count":1,"data":{"duration_ms":23856,"created":1571247502144},"id":"ui.lagging"}}
{"recorder_version":"11","session":"4374a6be454e","build":"191.8026.42.35.5900203","bucket":"208","time":1571247502144,"group":{"id":"performance","version":"11"},"event":{"count":1,"data":{"duration_ms":22840,"created":1571247502144},"id":"ui.lagging"}}
{"recorder_version":"11","session":"4374a6be454e","build":"191.8026.42.35.5900203","bucket":"208","time":1571247502144,"group":{"id":"performance","version":"11"},"event":{"count":1,"data":{"duration_ms":21837,"created":1571247502144},"id":"ui.lagging"}}
{"recorder_version":"11","session":"4374a6be454e","build":"191.8026.42.35.5900203","bucket":"208","time":1571247502144,"group":{"id":"performance","version":"11"},"event":{"count":1,"data":{"duration_ms":20765,"created":1571247502144},"id":"ui.lagging"}}
{"recorder_version":"11","session":"4374a6be454e","build":"191.8026.42.35.5900203","bucket":"208","time":1571247502144,"group":{"id":"performance","version":"11"},"event":{"count":1,"data":{"duration_ms":19750,"created":1571247502159},"id":"ui.lagging"}}
{"recorder_version":"11","session":"4374a6be454e","build":"191.8026.42.35.5900203","bucket":"208","time":1571247502144,"group":{"id":"performance","version":"11"},"event":{"count":1,"data":{"duration_ms":18746,"created":1571247502159},"id":"ui.lagging"}}
{"recorder_version":"11","session":"4374a6be454e","build":"191.8026.42.35.5900203","bucket":"208","time":1571247502144,"group":{"id":"performance","version":"11"},"event":{"count":1,"data":{"duration_ms":17743,"created":1571247502159},"id":"ui.lagging"}}
{"recorder_version":"11","session":"4374a6be454e","build":"191.8026.42.35.5900203","bucket":"208","time":1571247502144,"group":{"id":"performance","version":"11"},"event":{"count":1,"data":{"duration_ms":16741,"created":1571247502159},"id":"ui.lagging"}}
{"recorder_version":"11","session":"4374a6be454e","build":"191.8026.42.35.5900203","bucket":"208","time":1571247502144,"group":{"id":"performance","version":"11"},"event":{"count":1,"data":{"duration_ms":15636,"created":1571247502159},"id":"ui.lagging"}}
{"recorder_version":"11","session":"4374a6be454e","build":"191.8026.42.35.5900203","bucket":"208","time":1571247502159,"group":{"id":"performance","version":"11"},"event":{"count":1,"data":{"duration_ms":14636,"created":1571247502175},"id":"ui.lagging"}}
{"recorder_version":"11","session":"4374a6be454e","build":"191.8026.42.35.5900203","bucket":"208","time":1571247502159,"group":{"id":"performance","version":"11"},"event":{"count":1,"data":{"duration_ms":13619,"created":1571247502175},"id":"ui.lagging"}}
{"recorder_version":"11","session":"4374a6be454e","build":"191.8026.42.35.5900203","bucket":"208","time":1571247502159,"group":{"id":"performance","version":"11"},"event":{"count":1,"data":{"duration_ms":12619,"created":1571247502175},"id":"ui.lagging"}}
{"recorder_version":"11","session":"4374a6be454e","build":"191.8026.42.35.5900203","bucket":"208","time":1571247502159,"group":{"id":"performance","version":"11"},"event":{"count":1,"data":{"duration_ms":11615,"created":1571247502175},"id":"ui.lagging"}}
{"recorder_version":"11","session":"4374a6be454e","build":"191.8026.42.35.5900203","bucket":"208","time":1571247502159,"group":{"id":"performance","version":"11"},"event":{"count":1,"data":{"duration_ms":10587,"created":1571247502175},"id":"ui.lagging"}}
{"recorder_version":"11","session":"4374a6be454e","build":"191.8026.42.35.5900203","bucket":"208","time":1571247502159,"group":{"id":"performance","version":"11"},"event":{"count":1,"data":{"duration_ms":9573,"created":1571247502191},"id":"ui.lagging"}}
{"recorder_version":"11","session":"4374a6be454e","build":"191.8026.42.35.5900203","bucket":"208","time":1571247502159,"group":{"id":"performance","version":"11"},"event":{"count":1,"data":{"duration_ms":8568,"created":1571247502191},"id":"ui.lagging"}}
{"recorder_version":"11","session":"4374a6be454e","build":"191.8026.42.35.5900203","bucket":"208","time":1571247502159,"group":{"id":"performance","version":"11"},"event":{"count":1,"data":{"duration_ms":7566,"created":1571247502191},"id":"ui.lagging"}}
{"recorder_version":"11","session":"4374a6be454e","build":"191.8026.42.35.5900203","bucket":"208","time":1571247502159,"group":{"id":"performance","version":"11"},"event":{"count":1,"data":{"duration_ms":6565,"created":1571247502191},"id":"ui.lagging"}}
{"recorder_version":"11","session":"4374a6be454e","build":"191.8026.42.35.5900203","bucket":"208","time":1571247502159,"group":{"id":"performance","version":"11"},"event":{"count":1,"data":{"duration_ms":5540,"created":1571247502191},"id":"ui.lagging"}}
{"recorder_version":"11","session":"4374a6be454e","build":"191.8026.42.35.5900203","bucket":"208","time":1571247502159,"group":{"id":"performance","version":"11"},"event":{"count":1,"data":{"duration_ms":4538,"created":1571247502191},"id":"ui.lagging"}}
{"recorder_version":"11","session":"4374a6be454e","build":"191.8026.42.35.5900203","bucket":"208","time":1571247502159,"group":{"id":"performance","version":"11"},"event":{"count":1,"data":{"duration_ms":3531,"created":1571247502191},"id":"ui.lagging"}}
{"recorder_version":"11","session":"4374a6be454e","build":"191.8026.42.35.5900203","bucket":"208","time":1571247502159,"group":{"id":"performance","version":"11"},"event":{"count":1,"data":{"duration_ms":2525,"created":1571247502206},"id":"ui.lagging"}}
{"recorder_version":"11","session":"4374a6be454e","build":"191.8026.42.35.5900203","bucket":"208","time":1571247502159,"group":{"id":"performance","version":"11"},"event":{"count":1,"data":{"duration_ms":1519,"created":1571247502206},"id":"ui.lagging"}}
{"recorder_version":"11","session":"4374a6be454e","build":"191.8026.42.35.5900203","bucket":"208","time":1571247502175,"group":{"id":"performance","version":"11"},"event":{"count":1,"data":{"duration_ms":505,"created":1571247502206},"id":"ui.lagging"}}
{"recorder_version":"11","session":"4374a6be454e","build":"191.8026.42.35.5900203","bucket":"208","time":1571247502809,"group":{"id":"lifecycle","version":"11"},"event":{"count":1,"data":{"created":1571247502809,"duration_grouped":"20+","duration_s":28},"id":"ide.freeze"}}
{"recorder_version":"11","session":"4374a6be454e","build":"191.8026.42.35.5900203","bucket":"208","time":1571247506037,"group":{"id":"performance","version":"11"},"event":{"count":1,"data":{"duration_ms":3362,"created":1571247506037},"id":"ui.lagging"}}
{"recorder_version":"11","session":"4374a6be454e","build":"191.8026.42.35.5900203","bucket":"208","time":1571247506037,"group":{"id":"performance","version":"11"},"event":{"count":1,"data":{"duration_ms":2155,"created":1571247506057},"id":"ui.lagging"}}
{"recorder_version":"11","session":"4374a6be454e","build":"191.8026.42.35.5900203","bucket":"208","time":1571247506045,"group":{"id":"performance","version":"11"},"event":{"count":1,"data":{"duration_ms":748,"created":1571247506057},"id":"ui.lagging"}}
{"recorder_version":"11","session":"4374a6be454e","build":"191.8026.42.35.5900203","bucket":"208","time":1571247519046,"group":{"id":"actions","version":"11"},"event":{"count":1,"data":{"context_menu":false,"os":"Windows","created":1571247519046,"plugin_type":"NOT_LISTED","place":"unknown","input_event":"MouseLeft"},"id":"third.party"}}
{"recorder_version":"11","session":"4374a6be454e","build":"191.8026.42.35.5900203","bucket":"208","time":1571247522293,"group":{"id":"ui.dialogs","version":"11"},"event":{"count":1,"data":{"created":1571247522293,"plugin_type":"NOT_LISTED","type":"show"},"id":"third.party"}}
{"recorder_version":"11","session":"4374a6be454e","build":"191.8026.42.35.5900203","bucket":"208","time":1571247522427,"group":{"id":"performance","version":"11"},"event":{"count":1,"data":{"duration_ms":3037,"created":1571247522427},"id":"ui.lagging"}}
{"recorder_version":"11","session":"4374a6be454e","build":"191.8026.42.35.5900203","bucket":"208","time":1571247522427,"group":{"id":"performance","version":"11"},"event":{"count":1,"data":{"duration_ms":2021,"created":1571247522427},"id":"ui.lagging"}}
{"recorder_version":"11","session":"4374a6be454e","build":"191.8026.42.35.5900203","bucket":"208","time":1571247522427,"group":{"id":"performance","version":"11"},"event":{"count":1,"data":{"duration_ms":1003,"created":1571247522427},"id":"ui.lagging"}}
{"recorder_version":"11","session":"4374a6be454e","build":"191.8026.42.35.5900203","bucket":"208","time":1571247522722,"group":{"id":"performance","version":"11"},"event":{"count":1,"data":{"duration_ms":295,"created":1571247522722},"id":"ui.lagging"}}
{"recorder_version":"11","session":"4374a6be454e","build":"191.8026.42.35.5900203","bucket":"208","time":1571247524137,"group":{"id":"performance","version":"11"},"event":{"count":1,"data":{"duration_ms":699,"created":1571247524137},"id":"ui.lagging"}}
{"recorder_version":"11","session":"4374a6be454e","build":"191.8026.42.35.5900203","bucket":"208","time":1571247531795,"group":{"id":"performance","version":"11"},"event":{"count":1,"data":{"duration_ms":318,"created":1571247531795},"id":"ui.lagging"}}
{"recorder_version":"11","session":"4374a6be454e","build":"191.8026.42.35.5900203","bucket":"208","time":1571247558820,"group":{"id":"performance","version":"11"},"event":{"count":1,"data":{"duration_ms":181,"created":1571247558820},"id":"ui.lagging"}}
{"recorder_version":"11","session":"4374a6be454e","build":"191.8026.42.35.5900203","bucket":"208","time":1571247571177,"group":{"id":"actions","version":"11"},"event":{"count":2,"data":{"context_menu":false,"os":"Windows","last":1571247571349,"created":1571247571177,"plugin_type":"PLATFORM","place":"MainMenu","input_event":"Backspace"},"id":"EditorBackSpace"}}
{"recorder_version":"11","session":"4374a6be454e","build":"191.8026.42.35.5900203","bucket":"208","time":1571247621680,"group":{"id":"ui.dialogs","version":"11"},"event":{"count":1,"data":{"code":0,"created":1571247621680,"plugin_type":"NOT_LISTED","type":"close"},"id":"third.party"}}
{"recorder_version":"11","session":"4374a6be454e","build":"191.8026.42.35.5900203","bucket":"208","time":1571247621784,"group":{"id":"performance","version":"11"},"event":{"count":1,"data":{"duration_ms":18804,"created":1571247621784},"id":"ui.latency"}}
{"recorder_version":"11","session":"4374a6be454e","build":"191.8026.42.35.5900203","bucket":"208","time":1571247621784,"group":{"id":"performance","version":"11"},"event":{"count":1,"data":{"duration_ms":18804,"created":1571247621784},"id":"ui.lagging"}}
{"recorder_version":"11","session":"4374a6be454e","build":"191.8026.42.35.5900203","bucket":"208","time":1571247621784,"group":{"id":"performance","version":"11"},"event":{"count":1,"data":{"duration_ms":17788,"created":1571247621784},"id":"ui.lagging"}}
{"recorder_version":"11","session":"4374a6be454e","build":"191.8026.42.35.5900203","bucket":"208","time":1571247621784,"group":{"id":"performance","version":"11"},"event":{"count":1,"data":{"duration_ms":16773,"created":1571247621788},"id":"ui.lagging"}}
{"recorder_version":"11","session":"4374a6be454e","build":"191.8026.42.35.5900203","bucket":"208","time":1571247621784,"group":{"id":"performance","version":"11"},"event":{"count":1,"data":{"duration_ms":15757,"created":1571247621788},"id":"ui.lagging"}}
{"recorder_version":"11","session":"4374a6be454e","build":"191.8026.42.35.5900203","bucket":"208","time":1571247621788,"group":{"id":"performance","version":"11"},"event":{"count":1,"data":{"duration_ms":14760,"created":1571247621788},"id":"ui.lagging"}}
{"recorder_version":"11","session":"4374a6be454e","build":"191.8026.42.35.5900203","bucket":"208","time":1571247621839,"group":{"id":"performance","version":"11"},"event":{"count":1,"data":{"duration_ms":13809,"created":1571247621839},"id":"ui.lagging"}}
{"recorder_version":"11","session":"4374a6be454e","build":"191.8026.42.35.5900203","bucket":"208","time":1571247621839,"group":{"id":"performance","version":"11"},"event":{"count":1,"data":{"duration_ms":12756,"created":1571247621839},"id":"ui.lagging"}}
{"recorder_version":"11","session":"4374a6be454e","build":"191.8026.42.35.5900203","bucket":"208","time":1571247621839,"group":{"id":"performance","version":"11"},"event":{"count":1,"data":{"duration_ms":11741,"created":1571247621847},"id":"ui.lagging"}}
{"recorder_version":"11","session":"4374a6be454e","build":"191.8026.42.35.5900203","bucket":"208","time":1571247621839,"group":{"id":"performance","version":"11"},"event":{"count":1,"data":{"duration_ms":10739,"created":1571247621847},"id":"ui.lagging"}}
{"recorder_version":"11","session":"4374a6be454e","build":"191.8026.42.35.5900203","bucket":"208","time":1571247621839,"group":{"id":"performance","version":"11"},"event":{"count":1,"data":{"duration_ms":9735,"created":1571247621849},"id":"ui.lagging"}}
{"recorder_version":"11","session":"4374a6be454e","build":"191.8026.42.35.5900203","bucket":"208","time":1571247621839,"group":{"id":"performance","version":"11"},"event":{"count":1,"data":{"duration_ms":8727,"created":1571247621849},"id":"ui.lagging"}}
{"recorder_version":"11","session":"4374a6be454e","build":"191.8026.42.35.5900203","bucket":"208","time":1571247621839,"group":{"id":"performance","version":"11"},"event":{"count":1,"data":{"duration_ms":7711,"created":1571247621849},"id":"ui.lagging"}}
{"recorder_version":"11","session":"4374a6be454e","build":"191.8026.42.35.5900203","bucket":"208","time":1571247621839,"group":{"id":"performance","version":"11"},"event":{"count":1,"data":{"duration_ms":6705,"created":1571247621849},"id":"ui.lagging"}}
{"recorder_version":"11","session":"4374a6be454e","build":"191.8026.42.35.5900203","bucket":"208","time":1571247621839,"group":{"id":"performance","version":"11"},"event":{"count":1,"data":{"duration_ms":5690,"created":1571247621849},"id":"ui.lagging"}}
{"recorder_version":"11","session":"4374a6be454e","build":"191.8026.42.35.5900203","bucket":"208","time":1571247621847,"group":{"id":"performance","version":"11"},"event":{"count":1,"data":{"duration_ms":4686,"created":1571247621849},"id":"ui.lagging"}}
{"recorder_version":"11","session":"4374a6be454e","build":"191.8026.42.35.5900203","bucket":"208","time":1571247621847,"group":{"id":"performance","version":"11"},"event":{"count":1,"data":{"duration_ms":3687,"created":1571247621857},"id":"ui.lagging"}}
{"recorder_version":"11","session":"4374a6be454e","build":"191.8026.42.35.5900203","bucket":"208","time":1571247621847,"group":{"id":"performance","version":"11"},"event":{"count":1,"data":{"duration_ms":2639,"created":1571247621857},"id":"ui.lagging"}}
{"recorder_version":"11","session":"4374a6be454e","build":"191.8026.42.35.5900203","bucket":"208","time":1571247621847,"group":{"id":"performance","version":"11"},"event":{"count":1,"data":{"duration_ms":1635,"created":1571247621859},"id":"ui.lagging"}}
{"recorder_version":"11","session":"4374a6be454e","build":"191.8026.42.35.5900203","bucket":"208","time":1571247621847,"group":{"id":"performance","version":"11"},"event":{"count":1,"data":{"duration_ms":631,"created":1571247621859},"id":"ui.lagging"}}
{"recorder_version":"11","session":"4374a6be454e","build":"191.8026.42.35.5900203","bucket":"208","time":1571247622235,"group":{"id":"lifecycle","version":"11"},"event":{"count":1,"data":{"created":1571247622235,"duration_grouped":"20+","duration_s":20},"id":"ide.freeze"}}
{"recorder_version":"11","session":"4374a6be454e","build":"191.8026.42.35.5900203","bucket":"208","time":1571247622616,"group":{"id":"performance","version":"11"},"event":{"count":1,"data":{"duration_ms":383,"created":1571247622616},"id":"ui.lagging"}}
{"recorder_version":"11","session":"4374a6be454e","build":"191.8026.42.35.5900203","bucket":"208","time":1571247622632,"group":{"id":"lifecycle","version":"11"},"event":{"count":1,"data":{"created":1571247622632,"project":"44de76e45e236d89651f1cda19eeb8aa796b5652163a19430ef16530c1b55c00"},"id":"project.opened"}}
{"recorder_version":"11","session":"4374a6be454e","build":"191.8026.42.35.5900203","bucket":"208","time":1571247629944,"group":{"id":"performance","version":"11"},"event":{"count":1,"data":{"duration_ms":6416,"created":1571247629944},"id":"ui.lagging"}}
{"recorder_version":"11","session":"4374a6be454e","build":"191.8026.42.35.5900203","bucket":"208","time":1571247629944,"group":{"id":"performance","version":"11"},"event":{"count":1,"data":{"duration_ms":5413,"created":1571247629944},"id":"ui.lagging"}}
{"recorder_version":"11","session":"4374a6be454e","build":"191.8026.42.35.5900203","bucket":"208","time":1571247631067,"group":{"id":"performance","version":"11"},"event":{"count":1,"data":{"duration_ms":5532,"created":1571247631067},"id":"ui.lagging"}}
{"recorder_version":"11","session":"4374a6be454e","build":"191.8026.42.35.5900203","bucket":"208","time":1571247631348,"group":{"id":"performance","version":"11"},"event":{"count":1,"data":{"duration_ms":4807,"created":1571247631348},"id":"ui.lagging"}}
{"recorder_version":"11","session":"4374a6be454e","build":"191.8026.42.35.5900203","bucket":"208","time":1571247631364,"group":{"id":"performance","version":"11"},"event":{"count":1,"data":{"duration_ms":3820,"created":1571247631364},"id":"ui.lagging"}}
{"recorder_version":"11","session":"4374a6be454e","build":"191.8026.42.35.5900203","bucket":"208","time":1571247631364,"group":{"id":"performance","version":"11"},"event":{"count":1,"data":{"duration_ms":2811,"created":1571247631364},"id":"ui.lagging"}}
{"recorder_version":"11","session":"4374a6be454e","build":"191.8026.42.35.5900203","bucket":"208","time":1571247631364,"group":{"id":"performance","version":"11"},"event":{"count":1,"data":{"duration_ms":1711,"created":1571247631364},"id":"ui.lagging"}}
{"recorder_version":"11","session":"4374a6be454e","build":"191.8026.42.35.5900203","bucket":"208","time":1571247631364,"group":{"id":"performance","version":"11"},"event":{"count":1,"data":{"duration_ms":692,"created":1571247631364},"id":"ui.lagging"}}
{"recorder_version":"11","session":"4374a6be454e","build":"191.8026.42.35.5900203","bucket":"208","time":1571247631457,"group":{"id":"ui.dialogs","version":"11"},"event":{"count":1,"data":{"created":1571247631457,"plugin_type":"PLATFORM","type":"show"},"id":"com.intellij.openapi.progress.util.ProgressDialog$MyDialogWrapper"}}
{"recorder_version":"11","session":"4374a6be454e","build":"191.8026.42.35.5900203","bucket":"208","time":1571247631707,"group":{"id":"lifecycle","version":"11"},"event":{"count":1,"data":{"created":1571247631707,"duration_grouped":"9","duration_s":9},"id":"ide.freeze"}}
{"recorder_version":"11","session":"4374a6be454e","build":"191.8026.42.35.5900203","bucket":"208","time":1571247632036,"group":{"id":"performance","version":"11"},"event":{"count":1,"data":{"duration_ms":360,"created":1571247632036},"id":"ui.lagging"}}
{"recorder_version":"11","session":"4374a6be454e","build":"191.8026.42.35.5900203","bucket":"208","time":1571247633446,"group":{"id":"toolwindow","version":"11"},"event":{"count":1,"data":{"os":"Windows","created":1571247633446,"plugin_type":"UNKNOWN"},"id":"unknown"}}
{"recorder_version":"11","session":"4374a6be454e","build":"191.8026.42.35.5900203","bucket":"208","time":1571247634150,"group":{"id":"performance","version":"11"},"event":{"count":1,"data":{"duration_ms":266,"created":1571247634150},"id":"ui.lagging"}}
{"recorder_version":"11","session":"4374a6be454e","build":"191.8026.42.35.5900203","bucket":"208","time":1571247635809,"group":{"id":"ui.dialogs","version":"11"},"event":{"count":1,"data":{"code":1,"created":1571247635809,"plugin_type":"PLATFORM","type":"close"},"id":"com.intellij.openapi.progress.util.ProgressDialog$MyDialogWrapper"}}
{"recorder_version":"11","session":"4374a6be454e","build":"191.8026.42.35.5900203","bucket":"208","time":1571247636680,"group":{"id":"performance","version":"11"},"event":{"count":1,"data":{"duration_ms":1795,"created":1571247636680},"id":"ui.lagging"}}
{"recorder_version":"11","session":"4374a6be454e","build":"191.8026.42.35.5900203","bucket":"208","time":1571247636696,"group":{"id":"toolwindow","version":"11"},"event":{"count":1,"data":{"os":"Windows","created":1571247636696,"plugin_type":"PLATFORM"},"id":"Project"}}
{"recorder_version":"11","session":"4374a6be454e","build":"191.8026.42.35.5900203","bucket":"208","time":1571247636727,"group":{"id":"performance","version":"11"},"event":{"count":1,"data":{"duration_ms":838,"created":1571247636743},"id":"ui.lagging"}}
{"recorder_version":"11","session":"4374a6be454e","build":"191.8026.42.35.5900203","bucket":"208","time":1571247637837,"group":{"id":"performance","version":"11"},"event":{"count":1,"data":{"duration_ms":938,"created":1571247637837},"id":"ui.lagging"}}
{"recorder_version":"11","session":"4374a6be454e","build":"191.8026.42.35.5900203","bucket":"208","time":1571247637977,"group":{"id":"project.fs","version":"1"},"event":{"state":true,"data":{"os":"Windows","cs-project":false,"created":1571247637977,"project":"44de76e45e236d89651f1cda19eeb8aa796b5652163a19430ef16530c1b55c00","cs-implicit":true,"cs-system":false},"id":"case-sensitivity"}}
{"recorder_version":"11","session":"4374a6be454e","build":"191.8026.42.35.5900203","bucket":"208","time":1571247637977,"group":{"id":"project.fs","version":"1"},"event":{"state":true,"data":{"created":1571247637977},"id":"invoked"}}
{"recorder_version":"11","session":"4374a6be454e","build":"191.8026.42.35.5900203","bucket":"208","time":1571247637993,"group":{"id":"project.fs","version":"1"},"event":{"state":true,"data":{"pct-non-watched":0,"created":1571247637993,"project":"44de76e45e236d89651f1cda19eeb8aa796b5652163a19430ef16530c1b55c00"},"id":"roots-watched"}}
{"recorder_version":"11","session":"4374a6be454e","build":"191.8026.42.35.5900203","bucket":"208","time":1571247637993,"group":{"id":"project.fs","version":"1"},"event":{"state":true,"data":{"created":1571247637993},"id":"invoked"}}
{"recorder_version":"11","session":"4374a6be454e","build":"191.8026.42.35.5900203","bucket":"208","time":1571247638134,"group":{"id":"toolwindow","version":"11"},"event":{"count":1,"data":{"os":"Windows","created":1571247638134,"plugin_type":"UNKNOWN"},"id":"unknown"}}
{"recorder_version":"11","session":"4374a6be454e","build":"191.8026.42.35.5900203","bucket":"208","time":1571247639387,"group":{"id":"performance","version":"11"},"event":{"count":1,"data":{"duration_ms":428,"created":1571247639387},"id":"ui.lagging"}}
{"recorder_version":"11","session":"4374a6be454e","build":"191.8026.42.35.5900203","bucket":"208","time":1571247639455,"group":{"id":"lifecycle","version":"11"},"event":{"count":1,"data":{"created":1571247639455,"time_ms":36392,"project":"44de76e45e236d89651f1cda19eeb8aa796b5652163a19430ef16530c1b55c00"},"id":"project.opening.finished"}}
{"recorder_version":"11","session":"4374a6be454e","build":"191.8026.42.35.5900203","bucket":"208","time":1571247641444,"group":{"id":"performance","version":"11"},"event":{"count":1,"data":{"duration_ms":1479,"created":1571247641444},"id":"ui.lagging"}}
{"recorder_version":"11","session":"4374a6be454e","build":"191.8026.42.35.5900203","bucket":"208","time":1571247641456,"group":{"id":"performance","version":"11"},"event":{"count":1,"data":{"duration_ms":488,"created":1571247641456},"id":"ui.lagging"}}
{"recorder_version":"11","session":"4374a6be454e","build":"191.8026.42.35.5900203","bucket":"208","time":1571247645053,"group":{"id":"performance","version":"11"},"event":{"count":1,"data":{"duration_ms":2074,"created":1571247645053},"id":"ui.lagging"}}
{"recorder_version":"11","session":"4374a6be454e","build":"191.8026.42.35.5900203","bucket":"208","time":1571247645101,"group":{"id":"performance","version":"11"},"event":{"count":1,"data":{"duration_ms":1122,"created":1571247645101},"id":"ui.lagging"}}
{"recorder_version":"11","session":"4374a6be454e","build":"191.8026.42.35.5900203","bucket":"208","time":1571247645401,"group":{"id":"performance","version":"11"},"event":{"count":1,"data":{"duration_ms":416,"created":1571247645401},"id":"ui.lagging"}}
{"recorder_version":"11","session":"4374a6be454e","build":"191.8026.42.35.5900203","bucket":"208","time":1571247691919,"group":{"id":"toolwindow","version":"11"},"event":{"count":1,"data":{"os":"Windows","created":1571247691919,"plugin_type":"PLATFORM"},"id":"Project"}}
{"recorder_version":"11","session":"4374a6be454e","build":"191.8026.42.35.5900203","bucket":"208","time":1571247693514,"group":{"id":"toolwindow","version":"11"},"event":{"count":1,"data":{"os":"Windows","created":1571247693514,"plugin_type":"PLATFORM"},"id":"Build"}}
{"recorder_version":"11","session":"4374a6be454e","build":"191.8026.42.35.5900203","bucket":"208","time":1571247694493,"group":{"id":"toolwindow","version":"11"},"event":{"count":1,"data":{"os":"Windows","created":1571247694493,"plugin_type":"PLATFORM"},"id":"Project"}}
{"recorder_version":"11","session":"4374a6be454e","build":"191.8026.42.35.5900203","bucket":"208","time":1571247701557,"group":{"id":"performance","version":"11"},"event":{"count":1,"data":{"duration_ms":187,"created":1571247701557},"id":"ui.lagging"}}
{"recorder_version":"11","session":"4374a6be454e","build":"191.8026.42.35.5900203","bucket":"208","time":1571247702792,"group":{"id":"performance","version":"11"},"event":{"count":1,"data":{"duration_ms":406,"created":1571247702792},"id":"ui.lagging"}}
{"recorder_version":"11","session":"4374a6be454e","build":"191.8026.42.35.5900203","bucket":"208","time":1571247704938,"group":{"id":"performance","version":"11"},"event":{"count":1,"data":{"duration_ms":547,"created":1571247704938},"id":"ui.lagging"}}
{"recorder_version":"11","session":"4374a6be454e","build":"191.8026.42.35.5900203","bucket":"208","time":1571247706550,"group":{"id":"actions","version":"11"},"event":{"count":1,"data":{"context_menu":true,"os":"Windows","created":1571247706550,"plugin_type":"PLATFORM","project":"44de76e45e236d89651f1cda19eeb8aa796b5652163a19430ef16530c1b55c00","place":"MainMenu","input_event":"MouseLeft"},"id":"ShowSettings"}}
{"recorder_version":"11","session":"4374a6be454e","build":"191.8026.42.35.5900203","bucket":"208","time":1571247714541,"group":{"id":"ui.dialogs","version":"11"},"event":{"count":1,"data":{"created":1571247714541,"plugin_type":"PLATFORM","type":"show"},"id":"com.intellij.openapi.options.newEditor.SettingsDialog"}}
{"recorder_version":"11","session":"4374a6be454e","build":"191.8026.42.35.5900203","bucket":"208","time":1571247714669,"group":{"id":"performance","version":"11"},"event":{"count":1,"data":{"duration_ms":8243,"created":1571247714669},"id":"ui.lagging"}}
{"recorder_version":"11","session":"4374a6be454e","build":"191.8026.42.35.5900203","bucket":"208","time":1571247714681,"group":{"id":"performance","version":"11"},"event":{"count":1,"data":{"duration_ms":7249,"created":1571247714681},"id":"ui.lagging"}}
{"recorder_version":"11","session":"4374a6be454e","build":"191.8026.42.35.5900203","bucket":"208","time":1571247714681,"group":{"id":"performance","version":"11"},"event":{"count":1,"data":{"duration_ms":6248,"created":1571247714685},"id":"ui.lagging"}}
{"recorder_version":"11","session":"4374a6be454e","build":"191.8026.42.35.5900203","bucket":"208","time":1571247714681,"group":{"id":"performance","version":"11"},"event":{"count":1,"data":{"duration_ms":5243,"created":1571247714685},"id":"ui.lagging"}}
{"recorder_version":"11","session":"4374a6be454e","build":"191.8026.42.35.5900203","bucket":"208","time":1571247714681,"group":{"id":"performance","version":"11"},"event":{"count":1,"data":{"duration_ms":4233,"created":1571247714685},"id":"ui.lagging"}}
{"recorder_version":"11","session":"4374a6be454e","build":"191.8026.42.35.5900203","bucket":"208","time":1571247714681,"group":{"id":"performance","version":"11"},"event":{"count":1,"data":{"duration_ms":3231,"created":1571247714685},"id":"ui.lagging"}}
{"recorder_version":"11","session":"4374a6be454e","build":"191.8026.42.35.5900203","bucket":"208","time":1571247714681,"group":{"id":"performance","version":"11"},"event":{"count":1,"data":{"duration_ms":2150,"created":1571247714685},"id":"ui.lagging"}}
{"recorder_version":"11","session":"4374a6be454e","build":"191.8026.42.35.5900203","bucket":"208","time":1571247714685,"group":{"id":"performance","version":"11"},"event":{"count":1,"data":{"duration_ms":1138,"created":1571247714685},"id":"ui.lagging"}}
{"recorder_version":"11","session":"4374a6be454e","build":"191.8026.42.35.5900203","bucket":"208","time":1571247714689,"group":{"id":"performance","version":"11"},"event":{"count":1,"data":{"duration_ms":140,"created":1571247714689},"id":"ui.lagging"}}
{"recorder_version":"11","session":"4374a6be454e","build":"191.8026.42.35.5900203","bucket":"208","time":1571247715565,"group":{"id":"lifecycle","version":"11"},"event":{"count":1,"data":{"created":1571247715565,"duration_grouped":"10","duration_s":10},"id":"ide.freeze"}}
{"recorder_version":"11","session":"4374a6be454e","build":"191.8026.42.35.5900203","bucket":"208","time":1571247715717,"group":{"id":"performance","version":"11"},"event":{"count":1,"data":{"duration_ms":160,"created":1571247715717},"id":"ui.lagging"}}
{"recorder_version":"11","session":"4374a6be454e","build":"191.8026.42.35.5900203","bucket":"208","time":1571247722731,"group":{"id":"performance","version":"11"},"event":{"count":1,"data":{"duration_ms":0,"created":1571247722731},"id":"ui.latency"}}
{"recorder_version":"11","session":"4374a6be454e","build":"191.8026.42.35.5900203","bucket":"208","time":1571247748985,"group":{"id":"performance","version":"11"},"event":{"count":1,"data":{"duration_ms":1093,"created":1571247748985},"id":"ui.lagging"}}
{"recorder_version":"11","session":"4374a6be454e","build":"191.8026.42.35.5900203","bucket":"208","time":1571247748993,"group":{"id":"performance","version":"11"},"event":{"count":1,"data":{"duration_ms":100,"created":1571247748993},"id":"ui.lagging"}}
{"recorder_version":"11","session":"4374a6be454e","build":"191.8026.42.35.5900203","bucket":"208","time":1571247752221,"group":{"id":"performance","version":"11"},"event":{"count":1,"data":{"duration_ms":1317,"created":1571247752221},"id":"ui.lagging"}}
{"recorder_version":"11","session":"4374a6be454e","build":"191.8026.42.35.5900203","bucket":"208","time":1571247752221,"group":{"id":"performance","version":"11"},"event":{"count":1,"data":{"duration_ms":313,"created":1571247752236},"id":"ui.lagging"}}
{"recorder_version":"11","session":"4374a6be454e","build":"191.8026.42.35.5900203","bucket":"208","time":1571247774340,"group":{"id":"ui.dialogs","version":"11"},"event":{"count":1,"data":{"code":1,"created":1571247774340,"plugin_type":"PLATFORM","type":"close"},"id":"com.intellij.openapi.options.newEditor.SettingsDialog"}}
{"recorder_version":"11","session":"4374a6be454e","build":"191.8026.42.35.5900203","bucket":"208","time":1571247792676,"group":{"id":"performance","version":"11"},"event":{"count":1,"data":{"duration_ms":163,"created":1571247792676},"id":"ui.lagging"}}
{"recorder_version":"11","session":"4374a6be454e","build":"191.8026.42.35.5900203","bucket":"208","time":1571247801963,"group":{"id":"build.tools.actions","version":"1"},"event":{"count":1,"data":{"created":1571247801963},"id":"registered"}}
{"recorder_version":"11","session":"4374a6be454e","build":"191.8026.42.35.5900203","bucket":"208","time":1571247801963,"group":{"id":"file.types.usage","version":"11"},"event":{"count":1,"data":{"created":1571247801963},"id":"registered"}}
{"recorder_version":"11","session":"4374a6be454e","build":"191.8026.42.35.5900203","bucket":"208","time":1571247801963,"group":{"id":"actions.runAnything","version":"1"},"event":{"count":1,"data":{"created":1571247801963},"id":"registered"}}
{"recorder_version":"11","session":"4374a6be454e","build":"191.8026.42.35.5900203","bucket":"208","time":1571247801963,"group":{"id":"toolwindow","version":"11"},"event":{"count":1,"data":{"created":1571247801963},"id":"registered"}}
{"recorder_version":"11","session":"4374a6be454e","build":"191.8026.42.35.5900203","bucket":"208","time":1571247801963,"group":{"id":"live.templates","version":"11"},"event":{"count":1,"data":{"created":1571247801963},"id":"registered"}}
{"recorder_version":"11","session":"4374a6be454e","build":"191.8026.42.35.5900203","bucket":"208","time":1571247801963,"group":{"id":"ide.self.update","version":"1"},"event":{"count":1,"data":{"created":1571247801963},"id":"registered"}}
{"recorder_version":"11","session":"4374a6be454e","build":"191.8026.42.35.5900203","bucket":"208","time":1571247801963,"group":{"id":"cidr.testingFrameworks.usages","version":"1"},"event":{"count":1,"data":{"created":1571247801963},"id":"registered"}}
{"recorder_version":"11","session":"4374a6be454e","build":"191.8026.42.35.5900203","bucket":"208","time":1571247801963,"group":{"id":"lifecycle","version":"11"},"event":{"count":1,"data":{"created":1571247801967},"id":"registered"}}
{"recorder_version":"11","session":"4374a6be454e","build":"191.8026.42.35.5900203","bucket":"208","time":1571247801963,"group":{"id":"vcs.diff.trigger","version":"1"},"event":{"count":1,"data":{"created":1571247801967},"id":"registered"}}
{"recorder_version":"11","session":"4374a6be454e","build":"191.8026.42.35.5900203","bucket":"208","time":1571247801963,"group":{"id":"vcs.log.trigger","version":"1"},"event":{"count":1,"data":{"created":1571247801967},"id":"registered"}}
{"recorder_version":"11","session":"4374a6be454e","build":"191.8026.42.35.5900203","bucket":"208","time":1571247801963,"group":{"id":"productivity","version":"11"},"event":{"count":1,"data":{"created":1571247801967},"id":"registered"}}
{"recorder_version":"11","session":"4374a6be454e","build":"191.8026.42.35.5900203","bucket":"208","time":1571247801963,"group":{"id":"debugger.breakpoints.usage","version":"1"},"event":{"count":1,"data":{"created":1571247801967},"id":"registered"}}
{"recorder_version":"11","session":"4374a6be454e","build":"191.8026.42.35.5900203","bucket":"208","time":1571247801963,"group":{"id":"oc","version":"1"},"event":{"count":1,"data":{"created":1571247801967},"id":"registered"}}
{"recorder_version":"11","session":"4374a6be454e","build":"191.8026.42.35.5900203","bucket":"208","time":1571247801963,"group":{"id":"intentions","version":"11"},"event":{"count":1,"data":{"created":1571247801967},"id":"registered"}}
{"recorder_version":"11","session":"4374a6be454e","build":"191.8026.42.35.5900203","bucket":"208","time":1571247801963,"group":{"id":"ui.dialogs","version":"11"},"event":{"count":1,"data":{"created":1571247801971},"id":"registered"}}
{"recorder_version":"11","session":"4374a6be454e","build":"191.8026.42.35.5900203","bucket":"208","time":1571247801963,"group":{"id":"vcs.back.forward.trigger","version":"1"},"event":{"count":1,"data":{"created":1571247801971},"id":"registered"}}
{"recorder_version":"11","session":"4374a6be454e","build":"191.8026.42.35.5900203","bucket":"208","time":1571247801963,"group":{"id":"toolbar","version":"11"},"event":{"count":1,"data":{"created":1571247801971},"id":"registered"}}
{"recorder_version":"11","session":"4374a6be454e","build":"191.8026.42.35.5900203","bucket":"208","time":1571247801963,"group":{"id":"build.gradle.actions","version":"1"},"event":{"count":1,"data":{"created":1571247801971},"id":"registered"}}
{"recorder_version":"11","session":"4374a6be454e","build":"191.8026.42.35.5900203","bucket":"208","time":1571247801963,"group":{"id":"performance","version":"11"},"event":{"count":1,"data":{"created":1571247801971},"id":"registered"}}
{"recorder_version":"11","session":"4374a6be454e","build":"191.8026.42.35.5900203","bucket":"208","time":1571247801963,"group":{"id":"searchEverywhere","version":"1"},"event":{"count":1,"data":{"created":1571247801971},"id":"registered"}}
{"recorder_version":"11","session":"4374a6be454e","build":"191.8026.42.35.5900203","bucket":"208","time":1571247801963,"group":{"id":"ui.tips","version":"1"},"event":{"count":1,"data":{"created":1571247801975},"id":"registered"}}
{"recorder_version":"11","session":"4374a6be454e","build":"191.8026.42.35.5900203","bucket":"208","time":1571247801963,"group":{"id":"import.old.config","version":"1"},"event":{"count":1,"data":{"created":1571247801975},"id":"registered"}}
{"recorder_version":"11","session":"4374a6be454e","build":"191.8026.42.35.5900203","bucket":"208","time":1571247801963,"group":{"id":"json.schema","version":"1"},"event":{"count":1,"data":{"created":1571247801975},"id":"registered"}}
{"recorder_version":"11","session":"4374a6be454e","build":"191.8026.42.35.5900203","bucket":"208","time":1571247801963,"group":{"id":"terminalShell","version":"1"},"event":{"count":1,"data":{"created":1571247801975},"id":"registered"}}
{"recorder_version":"11","session":"4374a6be454e","build":"191.8026.42.35.5900203","bucket":"208","time":1571247801963,"group":{"id":"completion.postfix","version":"11"},"event":{"count":1,"data":{"created":1571247801975},"id":"registered"}}
{"recorder_version":"11","session":"4374a6be454e","build":"191.8026.42.35.5900203","bucket":"208","time":1571247801963,"group":{"id":"actions","version":"11"},"event":{"count":1,"data":{"created":1571247801975},"id":"registered"}}
{"recorder_version":"11","session":"4374a6be454e","build":"191.8026.42.35.5900203","bucket":"208","time":1571247801963,"group":{"id":"run.configuration.exec","version":"11"},"event":{"count":1,"data":{"created":1571247801979},"id":"registered"}}
{"recorder_version":"11","session":"4374a6be454e","build":"191.8026.42.35.5900203","bucket":"208","time":1571247823713,"group":{"id":"performance","version":"11"},"event":{"count":1,"data":{"duration_ms":0,"created":1571247823713},"id":"ui.latency"}}
{"recorder_version":"11","session":"4374a6be454e","build":"191.8026.42.35.5900203","bucket":"208","time":1571247924578,"group":{"id":"performance","version":"11"},"event":{"count":1,"data":{"duration_ms":0,"created":1571247924578},"id":"ui.latency"}}
{"recorder_version":"11","session":"4374a6be454e","build":"191.8026.42.35.5900203","bucket":"208","time":1571248024663,"group":{"id":"performance","version":"11"},"event":{"count":1,"data":{"duration_ms":0,"created":1571248024663},"id":"ui.latency"}}
{"recorder_version":"11","session":"4374a6be454e","build":"191.8026.42.35.5900203","bucket":"208","time":1571248124732,"group":{"id":"performance","version":"11"},"event":{"count":1,"data":{"duration_ms":2,"created":1571248124732},"id":"ui.latency"}}
{"recorder_version":"11","session":"4374a6be454e","build":"191.8026.42.35.5900203","bucket":"208","time":1571248172647,"group":{"id":"performance","version":"11"},"event":{"count":1,"data":{"duration_ms":2972,"created":1571248172647},"id":"ui.lagging"}}
{"recorder_version":"11","session":"4374a6be454e","build":"191.8026.42.35.5900203","bucket":"208","time":1571248172647,"group":{"id":"performance","version":"11"},"event":{"count":1,"data":{"duration_ms":1972,"created":1571248172647},"id":"ui.lagging"}}
{"recorder_version":"11","session":"4374a6be454e","build":"191.8026.42.35.5900203","bucket":"208","time":1571248172647,"group":{"id":"performance","version":"11"},"event":{"count":1,"data":{"duration_ms":971,"created":1571248172647},"id":"ui.lagging"}}
{"recorder_version":"11","session":"4374a6be454e","build":"191.8026.42.35.5900203","bucket":"208","time":1571248184343,"group":{"id":"performance","version":"11"},"event":{"count":1,"data":{"duration_ms":5523,"created":1571248184343},"id":"ui.lagging"}}
{"recorder_version":"11","session":"4374a6be454e","build":"191.8026.42.35.5900203","bucket":"208","time":1571248184363,"group":{"id":"performance","version":"11"},"event":{"count":1,"data":{"duration_ms":4440,"created":1571248184363},"id":"ui.lagging"}}
{"recorder_version":"11","session":"4374a6be454e","build":"191.8026.42.35.5900203","bucket":"208","time":1571248184383,"group":{"id":"performance","version":"11"},"event":{"count":1,"data":{"duration_ms":3354,"created":1571248184383},"id":"ui.lagging"}}
{"recorder_version":"11","session":"4374a6be454e","build":"191.8026.42.35.5900203","bucket":"208","time":1571248184395,"group":{"id":"performance","version":"11"},"event":{"count":1,"data":{"duration_ms":2360,"created":1571248184395},"id":"ui.lagging"}}
{"recorder_version":"11","session":"4374a6be454e","build":"191.8026.42.35.5900203","bucket":"208","time":1571248184405,"group":{"id":"performance","version":"11"},"event":{"count":1,"data":{"duration_ms":1362,"created":1571248184405},"id":"ui.lagging"}}
{"recorder_version":"11","session":"4374a6be454e","build":"191.8026.42.35.5900203","bucket":"208","time":1571248184421,"group":{"id":"performance","version":"11"},"event":{"count":1,"data":{"duration_ms":372,"created":1571248184421},"id":"ui.lagging"}}
{"recorder_version":"11","session":"4374a6be454e","build":"191.8026.42.35.5900203","bucket":"208","time":1571248185137,"group":{"id":"lifecycle","version":"11"},"event":{"count":1,"data":{"created":1571248185137,"duration_grouped":"7","duration_s":7},"id":"ide.freeze"}}
{"recorder_version":"11","session":"4374a6be454e","build":"191.8026.42.35.5900203","bucket":"208","time":1571248190165,"group":{"id":"performance","version":"11"},"event":{"count":1,"data":{"duration_ms":1982,"created":1571248190165},"id":"ui.lagging"}}
{"recorder_version":"11","session":"4374a6be454e","build":"191.8026.42.35.5900203","bucket":"208","time":1571248190165,"group":{"id":"performance","version":"11"},"event":{"count":1,"data":{"duration_ms":979,"created":1571248190173},"id":"ui.lagging"}}
{"recorder_version":"11","session":"4374a6be454e","build":"191.8026.42.35.5900203","bucket":"208","time":1571248190308,"group":{"id":"performance","version":"11"},"event":{"count":1,"data":{"duration_ms":104,"created":1571248190308},"id":"ui.lagging"}}
{"recorder_version":"11","session":"4374a6be454e","build":"191.8026.42.35.5900203","bucket":"208","time":1571248210345,"group":{"id":"performance","version":"11"},"event":{"count":1,"data":{"duration_ms":17102,"created":1571248210345},"id":"ui.lagging"}}
{"recorder_version":"11","session":"4374a6be454e","build":"191.8026.42.35.5900203","bucket":"208","time":1571248210345,"group":{"id":"performance","version":"11"},"event":{"count":1,"data":{"duration_ms":16086,"created":1571248210345},"id":"ui.lagging"}}
{"recorder_version":"11","session":"4374a6be454e","build":"191.8026.42.35.5900203","bucket":"208","time":1571248210365,"group":{"id":"performance","version":"11"},"event":{"count":1,"data":{"duration_ms":15091,"created":1571248210365},"id":"ui.lagging"}}
{"recorder_version":"11","session":"4374a6be454e","build":"191.8026.42.35.5900203","bucket":"208","time":1571248210393,"group":{"id":"performance","version":"11"},"event":{"count":1,"data":{"duration_ms":14103,"created":1571248210393},"id":"ui.lagging"}}
{"recorder_version":"11","session":"4374a6be454e","build":"191.8026.42.35.5900203","bucket":"208","time":1571248210413,"group":{"id":"performance","version":"11"},"event":{"count":1,"data":{"duration_ms":13108,"created":1571248210413},"id":"ui.lagging"}}
{"recorder_version":"11","session":"4374a6be454e","build":"191.8026.42.35.5900203","bucket":"208","time":1571248210420,"group":{"id":"performance","version":"11"},"event":{"count":1,"data":{"duration_ms":12099,"created":1571248210420},"id":"ui.lagging"}}
{"recorder_version":"11","session":"4374a6be454e","build":"191.8026.42.35.5900203","bucket":"208","time":1571248210424,"group":{"id":"performance","version":"11"},"event":{"count":1,"data":{"duration_ms":11072,"created":1571248210424},"id":"ui.lagging"}}
{"recorder_version":"11","session":"4374a6be454e","build":"191.8026.42.35.5900203","bucket":"208","time":1571248210432,"group":{"id":"actions","version":"11"},"event":{"count":1,"data":{"context_menu":false,"os":"Windows","created":1571248210432,"plugin_type":"PLATFORM","project":"44de76e45e236d89651f1cda19eeb8aa796b5652163a19430ef16530c1b55c00","place":"MainMenu","input_event":"Ctrl+Shift+N"},"id":"GotoFile"}}
{"recorder_version":"11","session":"4374a6be454e","build":"191.8026.42.35.5900203","bucket":"208","time":1571248210580,"group":{"id":"searchEverywhere","version":"1"},"event":{"count":1,"data":{"contributorID":"FileSearchEverywhereContributor","created":1571248210580,"project":"44de76e45e236d89651f1cda19eeb8aa796b5652163a19430ef16530c1b55c00"},"id":"dialogOpen"}}
{"recorder_version":"11","session":"4374a6be454e","build":"191.8026.42.35.5900203","bucket":"208","time":1571248211421,"group":{"id":"performance","version":"11"},"event":{"count":1,"data":{"duration_ms":11053,"created":1571248211421},"id":"ui.lagging"}}
{"recorder_version":"11","session":"4374a6be454e","build":"191.8026.42.35.5900203","bucket":"208","time":1571248211425,"group":{"id":"performance","version":"11"},"event":{"count":1,"data":{"duration_ms":10042,"created":1571248211425},"id":"ui.lagging"}}
{"recorder_version":"11","session":"4374a6be454e","build":"191.8026.42.35.5900203","bucket":"208","time":1571248211425,"group":{"id":"performance","version":"11"},"event":{"count":1,"data":{"duration_ms":9029,"created":1571248211429},"id":"ui.lagging"}}
{"recorder_version":"11","session":"4374a6be454e","build":"191.8026.42.35.5900203","bucket":"208","time":1571248211429,"group":{"id":"performance","version":"11"},"event":{"count":1,"data":{"duration_ms":8027,"created":1571248211429},"id":"ui.lagging"}}
{"recorder_version":"11","session":"4374a6be454e","build":"191.8026.42.35.5900203","bucket":"208","time":1571248211429,"group":{"id":"performance","version":"11"},"event":{"count":1,"data":{"duration_ms":6996,"created":1571248211429},"id":"ui.lagging"}}
{"recorder_version":"11","session":"4374a6be454e","build":"191.8026.42.35.5900203","bucket":"208","time":1571248211451,"group":{"id":"performance","version":"11"},"event":{"count":1,"data":{"duration_ms":6002,"created":1571248211451},"id":"ui.lagging"}}
{"recorder_version":"11","session":"4374a6be454e","build":"191.8026.42.35.5900203","bucket":"208","time":1571248211482,"group":{"id":"performance","version":"11"},"event":{"count":1,"data":{"duration_ms":5026,"created":1571248211482},"id":"ui.lagging"}}
{"recorder_version":"11","session":"4374a6be454e","build":"191.8026.42.35.5900203","bucket":"208","time":1571248211498,"group":{"id":"performance","version":"11"},"event":{"count":1,"data":{"duration_ms":4041,"created":1571248211498},"id":"ui.lagging"}}
{"recorder_version":"11","session":"4374a6be454e","build":"191.8026.42.35.5900203","bucket":"208","time":1571248211498,"group":{"id":"performance","version":"11"},"event":{"count":1,"data":{"duration_ms":3036,"created":1571248211498},"id":"ui.lagging"}}
{"recorder_version":"11","session":"4374a6be454e","build":"191.8026.42.35.5900203","bucket":"208","time":1571248211498,"group":{"id":"performance","version":"11"},"event":{"count":1,"data":{"duration_ms":2001,"created":1571248211498},"id":"ui.lagging"}}
{"recorder_version":"11","session":"4374a6be454e","build":"191.8026.42.35.5900203","bucket":"208","time":1571248211607,"group":{"id":"performance","version":"11"},"event":{"count":1,"data":{"duration_ms":1107,"created":1571248211607},"id":"ui.lagging"}}
{"recorder_version":"11","session":"4374a6be454e","build":"191.8026.42.35.5900203","bucket":"208","time":1571248211910,"group":{"id":"performance","version":"11"},"event":{"count":1,"data":{"duration_ms":396,"created":1571248211910},"id":"ui.lagging"}}
{"recorder_version":"11","session":"4374a6be454e","build":"191.8026.42.35.5900203","bucket":"208","time":1571248211973,"group":{"id":"lifecycle","version":"11"},"event":{"count":1,"data":{"plugin":"unknown","created":1571248211973,"oom":false,"mapping_failed":false},"id":"ide.error"}}
{"recorder_version":"11","session":"4374a6be454e","build":"191.8026.42.35.5900203","bucket":"208","time":1571248212963,"group":{"id":"lifecycle","version":"11"},"event":{"count":1,"data":{"created":1571248212963,"duration_grouped":"20+","duration_s":20},"id":"ide.freeze"}}
{"recorder_version":"11","session":"4374a6be454e","build":"191.8026.42.35.5900203","bucket":"208","time":1571248213255,"group":{"id":"performance","version":"11"},"event":{"count":1,"data":{"duration_ms":687,"created":1571248213255},"id":"ui.lagging"}}
{"recorder_version":"11","session":"4374a6be454e","build":"191.8026.42.35.5900203","bucket":"208","time":1571248225026,"group":{"id":"performance","version":"11"},"event":{"count":1,"data":{"duration_ms":0,"created":1571248225026},"id":"ui.latency"}}
{"recorder_version":"11","session":"4374a6be454e","build":"191.8026.42.35.5900203","bucket":"208","time":1571248261952,"group":{"id":"actions","version":"11"},"event":{"count":1,"data":{"context_menu":true,"os":"Windows","created":1571248261953,"plugin_type":"PLATFORM","project":"44de76e45e236d89651f1cda19eeb8aa796b5652163a19430ef16530c1b55c00","place":"MainMenu","input_event":"MouseLeft"},"id":"ShowSettings"}}
{"recorder_version":"11","session":"4374a6be454e","build":"191.8026.42.35.5900203","bucket":"208","time":1571248262432,"group":{"id":"ui.dialogs","version":"11"},"event":{"count":1,"data":{"created":1571248262432,"plugin_type":"PLATFORM","type":"show"},"id":"com.intellij.openapi.options.newEditor.SettingsDialog"}}
{"recorder_version":"11","session":"4374a6be454e","build":"191.8026.42.35.5900203","bucket":"208","time":1571248262545,"group":{"id":"performance","version":"11"},"event":{"count":1,"data":{"duration_ms":228,"created":1571248262545},"id":"ui.lagging"}}
{"recorder_version":"11","session":"4374a6be454e","build":"191.8026.42.35.5900203","bucket":"208","time":1571248300638,"group":{"id":"ui.dialogs","version":"11"},"event":{"count":1,"data":{"code":1,"created":1571248300638,"plugin_type":"PLATFORM","type":"close"},"id":"com.intellij.openapi.options.newEditor.SettingsDialog"}}
{"recorder_version":"11","session":"4374a6be454e","build":"191.8026.42.35.5900203","bucket":"208","time":1571248303846,"group":{"id":"actions","version":"11"},"event":{"count":1,"data":{"context_menu":true,"os":"Windows","created":1571248303846,"plugin_type":"NOT_LISTED","project":"44de76e45e236d89651f1cda19eeb8aa796b5652163a19430ef16530c1b55c00","place":"MainMenu","input_event":"MouseLeft"},"id":"third.party"}}
{"recorder_version":"11","session":"4374a6be454e","build":"191.8026.42.35.5900203","bucket":"208","time":1571248303993,"group":{"id":"ui.dialogs","version":"11"},"event":{"count":1,"data":{"created":1571248303993,"plugin_type":"NOT_LISTED","type":"show"},"id":"third.party"}}
{"recorder_version":"11","session":"4374a6be454e","build":"191.8026.42.35.5900203","bucket":"208","time":1571248305848,"group":{"id":"performance","version":"11"},"event":{"count":1,"data":{"duration_ms":1057,"created":1571248305848},"id":"ui.lagging"}}
{"recorder_version":"11","session":"4374a6be454e","build":"191.8026.42.35.5900203","bucket":"208","time":1571248325168,"group":{"id":"performance","version":"11"},"event":{"count":1,"data":{"duration_ms":0,"created":1571248325168},"id":"ui.latency"}}
{"recorder_version":"11","session":"4374a6be454e","build":"191.8026.42.35.5900203","bucket":"208","time":1571248425396,"group":{"id":"performance","version":"11"},"event":{"count":1,"data":{"duration_ms":0,"created":1571248425396},"id":"ui.latency"}}
{"recorder_version":"11","session":"4374a6be454e","build":"191.8026.42.35.5900203","bucket":"208","time":1571248526294,"group":{"id":"performance","version":"11"},"event":{"count":1,"data":{"duration_ms":0,"created":1571248526294},"id":"ui.latency"}}
{"recorder_version":"11","session":"4374a6be454e","build":"191.8026.42.35.5900203","bucket":"208","time":1571248626888,"group":{"id":"performance","version":"11"},"event":{"count":1,"data":{"duration_ms":0,"created":1571248626888},"id":"ui.latency"}}
{"recorder_version":"11","session":"4374a6be454e","build":"191.8026.42.35.5900203","bucket":"208","time":1571248727540,"group":{"id":"performance","version":"11"},"event":{"count":1,"data":{"duration_ms":0,"created":1571248727540},"id":"ui.latency"}}
{"recorder_version":"11","session":"4374a6be454e","build":"191.8026.42.35.5900203","bucket":"208","time":1571248828296,"group":{"id":"performance","version":"11"},"event":{"count":1,"data":{"duration_ms":0,"created":1571248828296},"id":"ui.latency"}}
{"recorder_version":"11","session":"4374a6be454e","build":"191.8026.42.35.5900203","bucket":"208","time":1571248929124,"group":{"id":"performance","version":"11"},"event":{"count":1,"data":{"duration_ms":0,"created":1571248929124},"id":"ui.latency"}}
{"recorder_version":"11","session":"4374a6be454e","build":"191.8026.42.35.5900203","bucket":"208","time":1571249029842,"group":{"id":"performance","version":"11"},"event":{"count":1,"data":{"duration_ms":0,"created":1571249029842},"id":"ui.latency"}}
{"recorder_version":"11","session":"4374a6be454e","build":"191.8026.42.35.5900203","bucket":"208","time":1571249130626,"group":{"id":"performance","version":"11"},"event":{"count":1,"data":{"duration_ms":0,"created":1571249130626},"id":"ui.latency"}}
{"recorder_version":"11","session":"4374a6be454e","build":"191.8026.42.35.5900203","bucket":"208","time":1571249231406,"group":{"id":"performance","version":"11"},"event":{"count":1,"data":{"duration_ms":0,"created":1571249231406},"id":"ui.latency"}}
{"recorder_version":"11","session":"4374a6be454e","build":"191.8026.42.35.5900203","bucket":"208","time":1571249332149,"group":{"id":"performance","version":"11"},"event":{"count":1,"data":{"duration_ms":0,"created":1571249332149},"id":"ui.latency"}}
{"recorder_version":"11","session":"4374a6be454e","build":"191.8026.42.35.5900203","bucket":"208","time":1571249433073,"group":{"id":"performance","version":"11"},"event":{"count":1,"data":{"duration_ms":0,"created":1571249433073},"id":"ui.latency"}}
{"recorder_version":"11","session":"4374a6be454e","build":"191.8026.42.35.5900203","bucket":"208","time":1571260253874,"group":{"id":"performance","version":"11"},"event":{"count":1,"data":{"duration_ms":0,"created":1571260253874},"id":"ui.latency"}}
{"recorder_version":"11","session":"4374a6be454e","build":"191.8026.42.35.5900203","bucket":"208","time":1571320327827,"group":{"id":"performance","version":"11"},"event":{"count":1,"data":{"duration_ms":93,"created":1571320327827},"id":"ui.latency"}}
{"recorder_version":"11","session":"4374a6be454e","build":"191.8026.42.35.5900203","bucket":"208","time":1571320428340,"group":{"id":"performance","version":"11"},"event":{"count":1,"data":{"duration_ms":0,"created":1571320428340},"id":"ui.latency"}}
{"recorder_version":"11","session":"4374a6be454e","build":"191.8026.42.35.5900203","bucket":"208","time":1571320528769,"group":{"id":"performance","version":"11"},"event":{"count":1,"data":{"duration_ms":0,"created":1571320528769},"id":"ui.latency"}}
{"recorder_version":"11","session":"4374a6be454e","build":"191.8026.42.35.5900203","bucket":"208","time":1571320616729,"group":{"id":"ui.dialogs","version":"11"},"event":{"count":1,"data":{"code":1,"created":1571320616729,"plugin_type":"NOT_LISTED","type":"close"},"id":"third.party"}}
{"recorder_version":"11","session":"4374a6be454e","build":"191.8026.42.35.5900203","bucket":"208","time":1571320621291,"group":{"id":"performance","version":"11"},"event":{"count":1,"data":{"duration_ms":4078,"created":1571320621291},"id":"ui.lagging"}}
{"recorder_version":"11","session":"4374a6be454e","build":"191.8026.42.35.5900203","bucket":"208","time":1571320621526,"group":{"id":"ui.dialogs","version":"11"},"event":{"count":1,"data":{"created":1571320621526,"plugin_type":"PLATFORM","type":"show"},"id":"com.intellij.openapi.ui.messages.MessageDialog"}}
{"recorder_version":"11","session":"4374a6be454e","build":"191.8026.42.35.5900203","bucket":"208","time":1571320621588,"group":{"id":"performance","version":"11"},"event":{"count":1,"data":{"duration_ms":3359,"created":1571320621588},"id":"ui.lagging"}}
{"recorder_version":"11","session":"4374a6be454e","build":"191.8026.42.35.5900203","bucket":"208","time":1571320621588,"group":{"id":"performance","version":"11"},"event":{"count":1,"data":{"duration_ms":2343,"created":1571320621588},"id":"ui.lagging"}}
{"recorder_version":"11","session":"4374a6be454e","build":"191.8026.42.35.5900203","bucket":"208","time":1571320621588,"group":{"id":"performance","version":"11"},"event":{"count":1,"data":{"duration_ms":1328,"created":1571320621588},"id":"ui.lagging"}}
{"recorder_version":"11","session":"4374a6be454e","build":"191.8026.42.35.5900203","bucket":"208","time":1571320621698,"group":{"id":"performance","version":"11"},"event":{"count":1,"data":{"duration_ms":422,"created":1571320621698},"id":"ui.lagging"}}
{"recorder_version":"11","session":"4374a6be454e","build":"191.8026.42.35.5900203","bucket":"208","time":1571320625838,"group":{"id":"lifecycle","version":"11"},"event":{"count":1,"data":{"restart":false,"created":1571320625838},"id":"ide.close"}}
{"recorder_version":"11","session":"4374a6be454e","build":"191.8026.42.35.5900203","bucket":"208","time":1571320627516,"group":{"id":"lifecycle","version":"11"},"event":{"count":1,"data":{"created":1571320627516,"project":"44de76e45e236d89651f1cda19eeb8aa796b5652163a19430ef16530c1b55c00"},"id":"project.closed"}}
