{"recorder_version":"11","session":"aafb72da7e4b","build":"191.8026.42.35.5900203","bucket":"208","time":1571947079847,"group":{"id":"performance","version":"11"},"event":{"count":1,"data":{"duration_ms":257,"created":1571947079847},"id":"ui.lagging"}}
{"recorder_version":"11","session":"aafb72da7e4b","build":"191.8026.42.35.5900203","bucket":"208","time":1571947087974,"group":{"id":"performance","version":"11"},"event":{"count":1,"data":{"duration_ms":216,"created":1571947087974},"id":"ui.lagging"}}
{"recorder_version":"11","session":"aafb72da7e4b","build":"191.8026.42.35.5900203","bucket":"208","time":1571947089004,"group":{"id":"performance","version":"11"},"event":{"count":1,"data":{"duration_ms":240,"created":1571947089004},"id":"ui.lagging"}}
{"recorder_version":"11","session":"aafb72da7e4b","build":"191.8026.42.35.5900203","bucket":"208","time":1571947090117,"group":{"id":"performance","version":"11"},"event":{"count":1,"data":{"duration_ms":334,"created":1571947090117},"id":"ui.lagging"}}
{"recorder_version":"11","session":"aafb72da7e4b","build":"191.8026.42.35.5900203","bucket":"208","time":1571947095524,"group":{"id":"performance","version":"11"},"event":{"count":1,"data":{"duration_ms":606,"created":1571947095524},"id":"ui.lagging"}}
{"recorder_version":"11","session":"aafb72da7e4b","build":"191.8026.42.35.5900203","bucket":"208","time":1571947096229,"group":{"id":"performance","version":"11"},"event":{"count":1,"data":{"duration_ms":310,"created":1571947096229},"id":"ui.lagging"}}
{"recorder_version":"11","session":"aafb72da7e4b","build":"191.8026.42.35.5900203","bucket":"208","time":1571947097135,"group":{"id":"performance","version":"11"},"event":{"count":1,"data":{"duration_ms":215,"created":1571947097135},"id":"ui.lagging"}}
{"recorder_version":"11","session":"aafb72da7e4b","build":"191.8026.42.35.5900203","bucket":"208","time":1571947098051,"group":{"id":"performance","version":"11"},"event":{"count":1,"data":{"duration_ms":130,"created":1571947098051},"id":"ui.lagging"}}
{"recorder_version":"11","session":"aafb72da7e4b","build":"191.8026.42.35.5900203","bucket":"208","time":1571947099268,"group":{"id":"actions","version":"11"},"event":{"count":1,"data":{"context_menu":false,"os":"Windows","created":1571947099268,"plugin_type":"NOT_LISTED","project":"05d51a51e2fbf13d99f6d8ce1f0a5c64dface53c4a80a38adc7a06fb6a06934e","place":"unknown","input_event":"MouseLeft"},"id":"third.party"}}
{"recorder_version":"11","session":"aafb72da7e4b","build":"191.8026.42.35.5900203","bucket":"208","time":1571947099274,"group":{"id":"toolbar","version":"11"},"event":{"count":1,"data":{"os":"Windows","created":1571947099274,"plugin_type":"NOT_LISTED","place":"unknown"},"id":"third.party"}}
{"recorder_version":"11","session":"aafb72da7e4b","build":"191.8026.42.35.5900203","bucket":"208","time":1571947105518,"group":{"id":"ui.dialogs","version":"11"},"event":{"count":1,"data":{"created":1571947105518,"plugin_type":"PLATFORM","type":"show"},"id":"com.intellij.diagnostic.IdeMessagePanel$3"}}
{"recorder_version":"11","session":"aafb72da7e4b","build":"191.8026.42.35.5900203","bucket":"208","time":1571947108813,"group":{"id":"ui.dialogs","version":"11"},"event":{"count":1,"data":{"code":1,"created":1571947108813,"plugin_type":"PLATFORM","type":"close"},"id":"com.intellij.diagnostic.IdeMessagePanel$3"}}
{"recorder_version":"11","session":"aafb72da7e4b","build":"191.8026.42.35.5900203","bucket":"208","time":1571947110536,"group":{"id":"actions","version":"11"},"event":{"count":1,"data":{"context_menu":false,"os":"Windows","created":1571947110536,"plugin_type":"NOT_LISTED","project":"05d51a51e2fbf13d99f6d8ce1f0a5c64dface53c4a80a38adc7a06fb6a06934e","place":"unknown","input_event":"MouseLeft"},"id":"third.party"}}
{"recorder_version":"11","session":"aafb72da7e4b","build":"191.8026.42.35.5900203","bucket":"208","time":1571947110572,"group":{"id":"toolbar","version":"11"},"event":{"count":1,"data":{"os":"Windows","created":1571947110572,"plugin_type":"NOT_LISTED","place":"unknown"},"id":"third.party"}}
{"recorder_version":"11","session":"aafb72da7e4b","build":"191.8026.42.35.5900203","bucket":"208","time":1571947111591,"group":{"id":"actions","version":"11"},"event":{"count":1,"data":{"context_menu":false,"os":"Windows","created":1571947111591,"plugin_type":"NOT_LISTED","project":"05d51a51e2fbf13d99f6d8ce1f0a5c64dface53c4a80a38adc7a06fb6a06934e","place":"unknown","input_event":"MouseLeft"},"id":"third.party"}}
{"recorder_version":"11","session":"aafb72da7e4b","build":"191.8026.42.35.5900203","bucket":"208","time":1571947111598,"group":{"id":"toolbar","version":"11"},"event":{"count":1,"data":{"os":"Windows","created":1571947111598,"plugin_type":"NOT_LISTED","place":"unknown"},"id":"third.party"}}
{"recorder_version":"11","session":"aafb72da7e4b","build":"191.8026.42.35.5900203","bucket":"208","time":1571947120942,"group":{"id":"performance","version":"11"},"event":{"count":1,"data":{"duration_ms":0,"created":1571947120942},"id":"ui.latency"}}
{"recorder_version":"11","session":"aafb72da7e4b","build":"191.8026.42.35.5900203","bucket":"208","time":1571947125599,"group":{"id":"actions","version":"11"},"event":{"count":1,"data":{"context_menu":false,"os":"Windows","created":1571947125599,"plugin_type":"NOT_LISTED","project":"05d51a51e2fbf13d99f6d8ce1f0a5c64dface53c4a80a38adc7a06fb6a06934e","place":"unknown","input_event":"MouseLeft"},"id":"third.party"}}
{"recorder_version":"11","session":"aafb72da7e4b","build":"191.8026.42.35.5900203","bucket":"208","time":1571947125604,"group":{"id":"toolbar","version":"11"},"event":{"count":1,"data":{"os":"Windows","created":1571947125604,"plugin_type":"NOT_LISTED","place":"unknown"},"id":"third.party"}}
{"recorder_version":"11","session":"aafb72da7e4b","build":"191.8026.42.35.5900203","bucket":"208","time":1571947134476,"group":{"id":"performance","version":"11"},"event":{"count":1,"data":{"duration_ms":521,"created":1571947134476},"id":"ui.lagging"}}
{"recorder_version":"11","session":"aafb72da7e4b","build":"191.8026.42.35.5900203","bucket":"208","time":1571947135095,"group":{"id":"performance","version":"11"},"event":{"count":1,"data":{"duration_ms":138,"created":1571947135095},"id":"ui.lagging"}}
{"recorder_version":"11","session":"aafb72da7e4b","build":"191.8026.42.35.5900203","bucket":"208","time":1571947153267,"group":{"id":"performance","version":"11"},"event":{"count":1,"data":{"duration_ms":289,"created":1571947153267},"id":"ui.lagging"}}
{"recorder_version":"11","session":"aafb72da7e4b","build":"191.8026.42.35.5900203","bucket":"208","time":1571947154492,"group":{"id":"performance","version":"11"},"event":{"count":1,"data":{"duration_ms":365,"created":1571947154492},"id":"ui.lagging"}}
{"recorder_version":"11","session":"aafb72da7e4b","build":"191.8026.42.35.5900203","bucket":"208","time":1571947157357,"group":{"id":"performance","version":"11"},"event":{"count":1,"data":{"duration_ms":227,"created":1571947157357},"id":"ui.lagging"}}
{"recorder_version":"11","session":"aafb72da7e4b","build":"191.8026.42.35.5900203","bucket":"208","time":1571947159250,"group":{"id":"performance","version":"11"},"event":{"count":2,"data":{"duration_ms":118,"last":1571947163256,"created":1571947159250},"id":"ui.lagging"}}
{"recorder_version":"11","session":"aafb72da7e4b","build":"191.8026.42.35.5900203","bucket":"208","time":1571947221803,"group":{"id":"performance","version":"11"},"event":{"count":1,"data":{"duration_ms":0,"created":1571947221803},"id":"ui.latency"}}
{"recorder_version":"11","session":"aafb72da7e4b","build":"191.8026.42.35.5900203","bucket":"208","time":1571947279981,"group":{"id":"actions","version":"11"},"event":{"count":3,"data":{"context_menu":false,"os":"Windows","last":1571947280293,"created":1571947279981,"plugin_type":"PLATFORM","project":"05d51a51e2fbf13d99f6d8ce1f0a5c64dface53c4a80a38adc7a06fb6a06934e","place":"MainMenu","input_event":"Down"},"id":"EditorDown"}}
{"recorder_version":"11","session":"aafb72da7e4b","build":"191.8026.42.35.5900203","bucket":"208","time":1571947280785,"group":{"id":"actions","version":"11"},"event":{"count":15,"data":{"context_menu":false,"os":"Windows","last":1571947282927,"created":1571947280785,"plugin_type":"PLATFORM","project":"05d51a51e2fbf13d99f6d8ce1f0a5c64dface53c4a80a38adc7a06fb6a06934e","place":"MainMenu","input_event":"Up"},"id":"EditorUp"}}
{"recorder_version":"11","session":"aafb72da7e4b","build":"191.8026.42.35.5900203","bucket":"208","time":1571947321996,"group":{"id":"performance","version":"11"},"event":{"count":1,"data":{"duration_ms":0,"created":1571947321996},"id":"ui.latency"}}
{"recorder_version":"11","session":"aafb72da7e4b","build":"191.8026.42.35.5900203","bucket":"208","time":1571958139500,"group":{"id":"performance","version":"11"},"event":{"count":1,"data":{"duration_ms":0,"created":1571958139500},"id":"ui.latency"}}
{"recorder_version":"11","session":"aafb72da7e4b","build":"191.8026.42.35.5900203","bucket":"208","time":1571967004827,"group":{"id":"performance","version":"11"},"event":{"count":1,"data":{"duration_ms":0,"created":1571967004827},"id":"ui.latency"}}
{"recorder_version":"11","session":"aafb72da7e4b","build":"191.8026.42.35.5900203","bucket":"208","time":1571967105718,"group":{"id":"performance","version":"11"},"event":{"count":1,"data":{"duration_ms":0,"created":1571967105718},"id":"ui.latency"}}
{"recorder_version":"11","session":"aafb72da7e4b","build":"191.8026.42.35.5900203","bucket":"208","time":1571967206026,"group":{"id":"performance","version":"11"},"event":{"count":1,"data":{"duration_ms":0,"created":1571967206026},"id":"ui.latency"}}
{"recorder_version":"11","session":"aafb72da7e4b","build":"191.8026.42.35.5900203","bucket":"208","time":1571967306371,"group":{"id":"performance","version":"11"},"event":{"count":1,"data":{"duration_ms":0,"created":1571967306371},"id":"ui.latency"}}
{"recorder_version":"11","session":"aafb72da7e4b","build":"191.8026.42.35.5900203","bucket":"208","time":1571967406578,"group":{"id":"performance","version":"11"},"event":{"count":1,"data":{"duration_ms":0,"created":1571967406578},"id":"ui.latency"}}
{"recorder_version":"11","session":"aafb72da7e4b","build":"191.8026.42.35.5900203","bucket":"208","time":1571967506794,"group":{"id":"performance","version":"11"},"event":{"count":1,"data":{"duration_ms":0,"created":1571967506794},"id":"ui.latency"}}
{"recorder_version":"11","session":"aafb72da7e4b","build":"191.8026.42.35.5900203","bucket":"208","time":1571967607772,"group":{"id":"performance","version":"11"},"event":{"count":1,"data":{"duration_ms":0,"created":1571967607772},"id":"ui.latency"}}
{"recorder_version":"11","session":"aafb72da7e4b","build":"191.8026.42.35.5900203","bucket":"208","time":1571967707838,"group":{"id":"performance","version":"11"},"event":{"count":1,"data":{"duration_ms":0,"created":1571967707838},"id":"ui.latency"}}
{"recorder_version":"11","session":"aafb72da7e4b","build":"191.8026.42.35.5900203","bucket":"208","time":1571967807882,"group":{"id":"performance","version":"11"},"event":{"count":1,"data":{"duration_ms":0,"created":1571967807882},"id":"ui.latency"}}
{"recorder_version":"11","session":"aafb72da7e4b","build":"191.8026.42.35.5900203","bucket":"208","time":1571967908283,"group":{"id":"performance","version":"11"},"event":{"count":1,"data":{"duration_ms":0,"created":1571967908283},"id":"ui.latency"}}
{"recorder_version":"11","session":"aafb72da7e4b","build":"191.8026.42.35.5900203","bucket":"208","time":1571968008632,"group":{"id":"performance","version":"11"},"event":{"count":1,"data":{"duration_ms":0,"created":1571968008632},"id":"ui.latency"}}
{"recorder_version":"11","session":"aafb72da7e4b","build":"191.8026.42.35.5900203","bucket":"208","time":1571968109018,"group":{"id":"performance","version":"11"},"event":{"count":1,"data":{"duration_ms":0,"created":1571968109018},"id":"ui.latency"}}
{"recorder_version":"11","session":"aafb72da7e4b","build":"191.8026.42.35.5900203","bucket":"208","time":1571968209508,"group":{"id":"performance","version":"11"},"event":{"count":1,"data":{"duration_ms":0,"created":1571968209508},"id":"ui.latency"}}
{"recorder_version":"11","session":"aafb72da7e4b","build":"191.8026.42.35.5900203","bucket":"208","time":1571968310442,"group":{"id":"performance","version":"11"},"event":{"count":1,"data":{"duration_ms":0,"created":1571968310442},"id":"ui.latency"}}
{"recorder_version":"11","session":"aafb72da7e4b","build":"191.8026.42.35.5900203","bucket":"208","time":1571968410957,"group":{"id":"performance","version":"11"},"event":{"count":1,"data":{"duration_ms":0,"created":1571968410957},"id":"ui.latency"}}
{"recorder_version":"11","session":"aafb72da7e4b","build":"191.8026.42.35.5900203","bucket":"208","time":1571968511430,"group":{"id":"performance","version":"11"},"event":{"count":1,"data":{"duration_ms":0,"created":1571968511430},"id":"ui.latency"}}
{"recorder_version":"11","session":"aafb72da7e4b","build":"191.8026.42.35.5900203","bucket":"208","time":1571968611848,"group":{"id":"performance","version":"11"},"event":{"count":1,"data":{"duration_ms":0,"created":1571968611848},"id":"ui.latency"}}
{"recorder_version":"11","session":"aafb72da7e4b","build":"191.8026.42.35.5900203","bucket":"208","time":1571968712836,"group":{"id":"performance","version":"11"},"event":{"count":1,"data":{"duration_ms":0,"created":1571968712836},"id":"ui.latency"}}
{"recorder_version":"11","session":"aafb72da7e4b","build":"191.8026.42.35.5900203","bucket":"208","time":1571968813415,"group":{"id":"performance","version":"11"},"event":{"count":1,"data":{"duration_ms":0,"created":1571968813415},"id":"ui.latency"}}
{"recorder_version":"11","session":"aafb72da7e4b","build":"191.8026.42.35.5900203","bucket":"208","time":1571968914202,"group":{"id":"performance","version":"11"},"event":{"count":1,"data":{"duration_ms":0,"created":1571968914202},"id":"ui.latency"}}
{"recorder_version":"11","session":"aafb72da7e4b","build":"191.8026.42.35.5900203","bucket":"208","time":1571969015026,"group":{"id":"performance","version":"11"},"event":{"count":1,"data":{"duration_ms":0,"created":1571969015026},"id":"ui.latency"}}
{"recorder_version":"11","session":"aafb72da7e4b","build":"191.8026.42.35.5900203","bucket":"208","time":1571969115510,"group":{"id":"performance","version":"11"},"event":{"count":1,"data":{"duration_ms":0,"created":1571969115510},"id":"ui.latency"}}
{"recorder_version":"11","session":"aafb72da7e4b","build":"191.8026.42.35.5900203","bucket":"208","time":1571969216119,"group":{"id":"performance","version":"11"},"event":{"count":1,"data":{"duration_ms":0,"created":1571969216119},"id":"ui.latency"}}
{"recorder_version":"11","session":"aafb72da7e4b","build":"191.8026.42.35.5900203","bucket":"208","time":1571969316224,"group":{"id":"performance","version":"11"},"event":{"count":1,"data":{"duration_ms":0,"created":1571969316224},"id":"ui.latency"}}
{"recorder_version":"11","session":"aafb72da7e4b","build":"191.8026.42.35.5900203","bucket":"208","time":1571969416945,"group":{"id":"performance","version":"11"},"event":{"count":1,"data":{"duration_ms":0,"created":1571969416945},"id":"ui.latency"}}
{"recorder_version":"11","session":"aafb72da7e4b","build":"191.8026.42.35.5900203","bucket":"208","time":1571969517697,"group":{"id":"performance","version":"11"},"event":{"count":1,"data":{"duration_ms":0,"created":1571969517697},"id":"ui.latency"}}
{"recorder_version":"11","session":"aafb72da7e4b","build":"191.8026.42.35.5900203","bucket":"208","time":1571969617842,"group":{"id":"performance","version":"11"},"event":{"count":1,"data":{"duration_ms":0,"created":1571969617842},"id":"ui.latency"}}
{"recorder_version":"11","session":"aafb72da7e4b","build":"191.8026.42.35.5900203","bucket":"208","time":1571969718388,"group":{"id":"performance","version":"11"},"event":{"count":1,"data":{"duration_ms":0,"created":1571969718388},"id":"ui.latency"}}
{"recorder_version":"11","session":"aafb72da7e4b","build":"191.8026.42.35.5900203","bucket":"208","time":1571969819055,"group":{"id":"performance","version":"11"},"event":{"count":1,"data":{"duration_ms":0,"created":1571969819055},"id":"ui.latency"}}
{"recorder_version":"11","session":"aafb72da7e4b","build":"191.8026.42.35.5900203","bucket":"208","time":1571969919392,"group":{"id":"performance","version":"11"},"event":{"count":1,"data":{"duration_ms":0,"created":1571969919392},"id":"ui.latency"}}
{"recorder_version":"11","session":"aafb72da7e4b","build":"191.8026.42.35.5900203","bucket":"208","time":1571970020171,"group":{"id":"performance","version":"11"},"event":{"count":1,"data":{"duration_ms":0,"created":1571970020171},"id":"ui.latency"}}
{"recorder_version":"11","session":"aafb72da7e4b","build":"191.8026.42.35.5900203","bucket":"208","time":1571970120176,"group":{"id":"performance","version":"11"},"event":{"count":1,"data":{"duration_ms":0,"created":1571970120176},"id":"ui.latency"}}
